<?xml version="1.0" encoding="UTF-8"?>
<!-- Generated by org.testng.reporters.JUnitReportReporter -->
<testsuite hostname="DESKTOP-VRQ77ON" failures="0" tests="3" name="Training_FW.SeleniumFramework.ItemAddtoCartAndverify" time="17.213" errors="0" timestamp="2024-08-01T13:22:58 IST" skipped="0">
  <testcase classname="Training_FW.SeleniumFramework.ItemAddtoCartAndverify" name="selectItem" time="5.723"/>
  <system-out/>
  <testcase classname="Training_FW.SeleniumFramework.ItemAddtoCartAndverify" name="verifyCartItem" time="10.535"/>
  <system-out/>
  <testcase classname="Training_FW.SeleniumFramework.ItemAddtoCartAndverify" name="checkOutValidation" time="0.955"/>
  <system-out/>
</testsuite> <!-- Training_FW.SeleniumFramework.ItemAddtoCartAndverify -->
