<?xml version="1.0" encoding="UTF-8"?>
<!-- Generated by org.testng.reporters.JUnitReportReporter -->
<testsuite hostname="DESKTOP-VRQ77ON" failures="0" tests="4" name="Training_FW.SeleniumFramework.tests.ItemAddtoCartAndverify_TC1" time="148.265" errors="0" timestamp="2024-08-13T14:13:09 IST" skipped="0">
  <testcase classname="Training_FW.SeleniumFramework.tests.ItemAddtoCartAndverify_TC1" name="selectItem" time="39.034"/>
  <system-out/>
  <testcase classname="Training_FW.SeleniumFramework.tests.ItemAddtoCartAndverify_TC1" name="verifyOrderHistoryTest" time="34.570"/>
  <system-out/>
  <testcase classname="Training_FW.SeleniumFramework.tests.ItemAddtoCartAndverify_TC1" name="verifyOrderHistoryTest" time="33.584"/>
  <system-out/>
  <testcase classname="Training_FW.SeleniumFramework.tests.ItemAddtoCartAndverify_TC1" name="selectItem" time="41.077"/>
  <system-out/>
</testsuite> <!-- Training_FW.SeleniumFramework.tests.ItemAddtoCartAndverify_TC1 -->
