<?xml version="1.0" encoding="UTF-8"?>
<!-- Generated by org.testng.reporters.JUnitReportReporter -->
<testsuite hostname="DESKTOP-VRQ77ON" failures="0" tests="1" name="Training_FW.SeleniumFramework.LoginToApp" time="1.151" errors="0" timestamp="2024-08-02T16:35:31 IST" skipped="0">
  <testcase classname="Training_FW.SeleniumFramework.LoginToApp" name="login" time="1.151"/>
  <system-out/>
</testsuite> <!-- Training_FW.SeleniumFramework.LoginToApp -->
