<?xml version="1.0" encoding="UTF-8"?>
<!-- Generated by org.testng.reporters.JUnitReportReporter -->
<testsuite hostname="DESKTOP-VRQ77ON" failures="0" tests="3" name="Training_FW.SeleniumFramework.ItemAddtoCartAndverify_Organised" time="12.754" errors="0" timestamp="2024-08-02T16:35:31 IST" skipped="0">
  <testcase classname="Training_FW.SeleniumFramework.ItemAddtoCartAndverify_Organised" name="selectItem" time="0.978"/>
  <system-out/>
  <testcase classname="Training_FW.SeleniumFramework.ItemAddtoCartAndverify_Organised" name="verifyCartItem" time="10.653"/>
  <system-out/>
  <testcase classname="Training_FW.SeleniumFramework.ItemAddtoCartAndverify_Organised" name="checkOutValidation" time="1.123"/>
  <system-out/>
</testsuite> <!-- Training_FW.SeleniumFramework.ItemAddtoCartAndverify_Organised -->
