<?xml version="1.0" encoding="UTF-8"?>
<!-- Generated by org.testng.reporters.JUnitReportReporter -->
<testsuite hostname="DESKTOP-VRQ77ON" failures="0" tests="1" name="Training_FW.SeleniumFramework.AppTest" time="0.023" errors="0" timestamp="2024-07-29T12:04:20 IST" skipped="0">
  <testcase classname="Training_FW.SeleniumFramework.AppTest" name="shouldAnswerWithTrue" time="0.023"/>
  <system-out/>
</testsuite> <!-- Training_FW.SeleniumFramework.AppTest -->
