<?xml version="1.0" encoding="UTF-8"?>
<!-- Generated by org.testng.reporters.JUnitReportReporter -->
<testsuite hostname="DESKTOP-VRQ77ON" failures="0" tests="1" name="Training_FW.SeleniumFramework.tests.ItemAddtoCartAndverify_Organised" time="20.811" errors="0" timestamp="2024-08-04T20:01:42 IST" skipped="0">
  <testcase classname="Training_FW.SeleniumFramework.tests.ItemAddtoCartAndverify_Organised" name="selectItem" time="20.811"/>
  <system-out/>
</testsuite> <!-- Training_FW.SeleniumFramework.tests.ItemAddtoCartAndverify_Organised -->
