<?xml version="1.0" encoding="UTF-8"?>
<!-- Generated by org.testng.reporters.JUnitReportReporter -->
<testsuite hostname="DESKTOP-VRQ77ON" failures="0" tests="1" name="Training_FW.SeleniumFramework.tests.ErrorValidation_TC2" time="6.695" errors="0" timestamp="2024-08-20T15:14:36 IST" skipped="0">
  <testcase classname="Training_FW.SeleniumFramework.tests.ErrorValidation_TC2" name="errorValidationForLogin" time="6.695"/>
  <system-out/>
</testsuite> <!-- Training_FW.SeleniumFramework.tests.ErrorValidation_TC2 -->
